# JRE version: OpenJDK Runtime Environment GraalVM CE 22.3.0 (17.0.5+8) (build 17.0.5+8-jvmci-22.3-b08)
# Java VM: OpenJDK 64-Bit Server VM GraalVM CE 22.3.0 (17.0.5+8-jvmci-22.3-b08, mixed mode, sharing, tiered, jvmci, jvmci compiler, compressed oops, compressed class ptrs, parallel gc, linux-amd64)
GC Precious Log:
 CPUs: 8 total, 1 available
 Memory: 1024M
 Large Page Support: Disabled
 NUMA Support: Disabled
 Compressed Oops: Enabled (32-bit)
 Alignments: Space 512K, Generation 512K, Heap 2M
 Heap Min Capacity: 100M
 Heap Initial Capacity: 100M
 Heap Max Capacity: 512M
 Pre-touch: Disabled
 Parallel Workers: 1
Heap:
 PSYoungGen      total 41472K, used 25087K [0x00000000f5580000, 0x00000000f8f00000, 0x0000000100000000)
  eden space 25088K, 99% used [0x00000000f5580000,0x00000000f6dffff0,0x00000000f6e00000)
  from space 16384K, 0% used [0x00000000f7280000,0x00000000f7280000,0x00000000f8280000)
  to   space 10240K, 0% used [0x00000000f8500000,0x00000000f8500000,0x00000000f8f00000)
 ParOldGen       total 349696K, used 349696K [0x00000000e0000000, 0x00000000f5580000, 0x00000000f5580000)
  object space 349696K, 100% used [0x00000000e0000000,0x00000000f5580000,0x00000000f5580000)
 Metaspace       used 54910K, committed 55744K, reserved 1105920K
  class space    used 5454K, committed 5824K, reserved 1048576K
GC Heap History (20 events):
Event: 1197.147 GC heap before
{Heap before GC invocations=1155 (full 1020):
 PSYoungGen      total 41472K, used 25087K [0x00000000f5580000, 0x00000000f8f00000, 0x0000000100000000)
  eden space 25088K, 99% used [0x00000000f5580000,0x00000000f6dffff8,0x00000000f6e00000)
  from space 16384K, 0% used [0x00000000f7280000,0x00000000f7280000,0x00000000f8280000)
  to   space 10240K, 0% used [0x00000000f8500000,0x00000000f8500000,0x00000000f8f00000)
 ParOldGen       total 349696K, used 349695K [0x00000000e0000000, 0x00000000f5580000, 0x00000000f5580000)
  object space 349696K, 99% used [0x00000000e0000000,0x00000000f557ffe8,0x00000000f5580000)
 Metaspace       used 54907K, committed 55744K, reserved 1105920K
  class space    used 5453K, committed 5824K, reserved 1048576K
}
Event: 1198.415 GC heap after
{Heap after GC invocations=1155 (full 1020):
 PSYoungGen      total 35328K, used 25087K [0x00000000f5580000, 0x00000000f8f00000, 0x0000000100000000)
  eden space 25088K, 99% used [0x00000000f5580000,0x00000000f6dfffe0,0x00000000f6e00000)
  from space 10240K, 0% used [0x00000000f8500000,0x00000000f8500000,0x00000000f8f00000)
  to   space 16384K, 0% used [0x00000000f7280000,0x00000000f7280000,0x00000000f8280000)
 ParOldGen       total 349696K, used 349695K [0x00000000e0000000, 0x00000000f5580000, 0x00000000f5580000)
  object space 349696K, 99% used [0x00000000e0000000,0x00000000f557fd28,0x00000000f5580000)
 Metaspace       used 54907K, committed 55744K, reserved 1105920K
  class space    used 5453K, committed 5824K, reserved 1048576K
}
Event: 1198.429 GC heap before
{Heap before GC invocations=1156 (full 1021):
 PSYoungGen      total 35328K, used 25088K [0x00000000f5580000, 0x00000000f8f00000, 0x0000000100000000)
  eden space 25088K, 100% used [0x00000000f5580000,0x00000000f6e00000,0x00000000f6e00000)
  from space 10240K, 0% used [0x00000000f8500000,0x00000000f8500000,0x00000000f8f00000)
  to   space 16384K, 0% used [0x00000000f7280000,0x00000000f7280000,0x00000000f8280000)
 ParOldGen       total 349696K, used 349695K [0x00000000e0000000, 0x00000000f5580000, 0x00000000f5580000)
  object space 349696K, 99% used [0x00000000e0000000,0x00000000f557fd28,0x00000000f5580000)
 Metaspace       used 54907K, committed 55744K, reserved 1105920K
  class space    used 5453K, committed 5824K, reserved 1048576K
}
Event: 1199.544 GC heap after
{Heap after GC invocations=1156 (full 1021):
 PSYoungGen      total 41472K, used 25088K [0x00000000f5580000, 0x00000000f8f00000, 0x0000000100000000)
  eden space 25088K, 100% used [0x00000000f5580000,0x00000000f6e00000,0x00000000f6e00000)
  from space 16384K, 0% used [0x00000000f7280000,0x00000000f7280000,0x00000000f8280000)
  to   space 10240K, 0% used [0x00000000f8500000,0x00000000f8500000,0x00000000f8f00000)
 ParOldGen       total 349696K, used 349695K [0x00000000e0000000, 0x00000000f5580000, 0x00000000f5580000)
  object space 349696K, 99% used [0x00000000e0000000,0x00000000f557fd28,0x00000000f5580000)
 Metaspace       used 54907K, committed 55744K, reserved 1105920K
  class space    used 5453K, committed 5824K, reserved 1048576K
}
Event: 1199.545 GC heap before
{Heap before GC invocations=1157 (full 1022):
 PSYoungGen      total 41472K, used 25088K [0x00000000f5580000, 0x00000000f8f00000, 0x0000000100000000)
  eden space 25088K, 100% used [0x00000000f5580000,0x00000000f6e00000,0x00000000f6e00000)
  from space 16384K, 0% used [0x00000000f7280000,0x00000000f7280000,0x00000000f8280000)
  to   space 10240K, 0% used [0x00000000f8500000,0x00000000f8500000,0x00000000f8f00000)
 ParOldGen       total 349696K, used 349695K [0x00000000e0000000, 0x00000000f5580000, 0x00000000f5580000)
  object space 349696K, 99% used [0x00000000e0000000,0x00000000f557ffe0,0x00000000f5580000)
 Metaspace       used 54907K, committed 55744K, reserved 1105920K
  class space    used 5453K, committed 5824K, reserved 1048576K
}
Event: 1200.684 GC heap after
{Heap after GC invocations=1157 (full 1022):
 PSYoungGen      total 35328K, used 25087K [0x00000000f5580000, 0x00000000f8f00000, 0x0000000100000000)
  eden space 25088K, 99% used [0x00000000f5580000,0x00000000f6dfffe0,0x00000000f6e00000)
  from space 10240K, 0% used [0x00000000f8500000,0x00000000f8500000,0x00000000f8f00000)
  to   space 16384K, 0% used [0x00000000f7280000,0x00000000f7280000,0x00000000f8280000)
 ParOldGen       total 349696K, used 349694K [0x00000000e0000000, 0x00000000f5580000, 0x00000000f5580000)
  object space 349696K, 99% used [0x00000000e0000000,0x00000000f557fbd8,0x00000000f5580000)
 Metaspace       used 54907K, committed 55744K, reserved 1105920K
  class space    used 5453K, committed 5824K, reserved 1048576K
}
Event: 1200.684 GC heap before
{Heap before GC invocations=1158 (full 1023):
 PSYoungGen      total 35328K, used 25087K [0x00000000f5580000, 0x00000000f8f00000, 0x0000000100000000)
  eden space 25088K, 99% used [0x00000000f5580000,0x00000000f6dffff0,0x00000000f6e00000)
  from space 10240K, 0% used [0x00000000f8500000,0x00000000f8500000,0x00000000f8f00000)
  to   space 16384K, 0% used [0x00000000f7280000,0x00000000f7280000,0x00000000f8280000)
 ParOldGen       total 349696K, used 349695K [0x00000000e0000000, 0x00000000f5580000, 0x00000000f5580000)
  object space 349696K, 99% used [0x00000000e0000000,0x00000000f557fd98,0x00000000f5580000)
 Metaspace       used 54910K, committed 55744K, reserved 1105920K
  class space    used 5454K, committed 5824K, reserved 1048576K
}
Event: 1201.771 GC heap after
{Heap after GC invocations=1158 (full 1023):
 PSYoungGen      total 41472K, used 25087K [0x00000000f5580000, 0x00000000f8f00000, 0x0000000100000000)
  eden space 25088K, 99% used [0x00000000f5580000,0x00000000f6dffff0,0x00000000f6e00000)
  from space 16384K, 0% used [0x00000000f7280000,0x00000000f7280000,0x00000000f8280000)
  to   space 10240K, 0% used [0x00000000f8500000,0x00000000f8500000,0x00000000f8f00000)
 ParOldGen       total 349696K, used 349695K [0x00000000e0000000, 0x00000000f5580000, 0x00000000f5580000)
  object space 349696K, 99% used [0x00000000e0000000,0x00000000f557fd28,0x00000000f5580000)
 Metaspace       used 54910K, committed 55744K, reserved 1105920K
  class space    used 5454K, committed 5824K, reserved 1048576K
}
Event: 1201.771 GC heap before
{Heap before GC invocations=1159 (full 1024):
 PSYoungGen      total 41472K, used 25087K [0x00000000f5580000, 0x00000000f8f00000, 0x0000000100000000)
  eden space 25088K, 99% used [0x00000000f5580000,0x00000000f6dffff0,0x00000000f6e00000)
  from space 16384K, 0% used [0x00000000f7280000,0x00000000f7280000,0x00000000f8280000)
  to   space 10240K, 0% used [0x00000000f8500000,0x00000000f8500000,0x00000000f8f00000)
 ParOldGen       total 349696K, used 349695K [0x00000000e0000000, 0x00000000f5580000, 0x00000000f5580000)
  object space 349696K, 99% used [0x00000000e0000000,0x00000000f557fd28,0x00000000f5580000)
 Metaspace       used 54910K, committed 55744K, reserved 1105920K
  class space    used 5454K, committed 5824K, reserved 1048576K
}
Event: 1202.954 GC heap after
{Heap after GC invocations=1159 (full 1024):
 PSYoungGen      total 35328K, used 25087K [0x00000000f5580000, 0x00000000f8f00000, 0x0000000100000000)
  eden space 25088K, 99% used [0x00000000f5580000,0x00000000f6dffff0,0x00000000f6e00000)
  from space 10240K, 0% used [0x00000000f8500000,0x00000000f8500000,0x00000000f8f00000)
  to   space 16384K, 0% used [0x00000000f7280000,0x00000000f7280000,0x00000000f8280000)
 ParOldGen       total 349696K, used 349695K [0x00000000e0000000, 0x00000000f5580000, 0x00000000f5580000)
  object space 349696K, 99% used [0x00000000e0000000,0x00000000f557fd28,0x00000000f5580000)
 Metaspace       used 54910K, committed 55744K, reserved 1105920K
  class space    used 5454K, committed 5824K, reserved 1048576K
}
Event: 1202.955 GC heap before
{Heap before GC invocations=1160 (full 1025):
 PSYoungGen      total 35328K, used 25088K [0x00000000f5580000, 0x00000000f8f00000, 0x0000000100000000)
  eden space 25088K, 100% used [0x00000000f5580000,0x00000000f6e00000,0x00000000f6e00000)
  from space 10240K, 0% used [0x00000000f8500000,0x00000000f8500000,0x00000000f8f00000)
  to   space 16384K, 0% used [0x00000000f7280000,0x00000000f7280000,0x00000000f8280000)
 ParOldGen       total 349696K, used 349695K [0x00000000e0000000, 0x00000000f5580000, 0x00000000f5580000)
  object space 349696K, 99% used [0x00000000e0000000,0x00000000f557fff0,0x00000000f5580000)
 Metaspace       used 54910K, committed 55744K, reserved 1105920K
  class space    used 5454K, committed 5824K, reserved 1048576K
}
Event: 1204.141 GC heap after
{Heap after GC invocations=1160 (full 1025):
 PSYoungGen      total 41472K, used 25087K [0x00000000f5580000, 0x00000000f8f00000, 0x0000000100000000)
  eden space 25088K, 99% used [0x00000000f5580000,0x00000000f6dffff0,0x00000000f6e00000)
  from space 16384K, 0% used [0x00000000f7280000,0x00000000f7280000,0x00000000f8280000)
  to   space 10240K, 0% used [0x00000000f8500000,0x00000000f8500000,0x00000000f8f00000)
 ParOldGen       total 349696K, used 349695K [0x00000000e0000000, 0x00000000f5580000, 0x00000000f5580000)
  object space 349696K, 99% used [0x00000000e0000000,0x00000000f557fcf0,0x00000000f5580000)
 Metaspace       used 54910K, committed 55744K, reserved 1105920K
  class space    used 5454K, committed 5824K, reserved 1048576K
}
Event: 1204.141 GC heap before
{Heap before GC invocations=1161 (full 1026):
 PSYoungGen      total 41472K, used 25087K [0x00000000f5580000, 0x00000000f8f00000, 0x0000000100000000)
  eden space 25088K, 99% used [0x00000000f5580000,0x00000000f6dffff0,0x00000000f6e00000)
  from space 16384K, 0% used [0x00000000f7280000,0x00000000f7280000,0x00000000f8280000)
  to   space 10240K, 0% used [0x00000000f8500000,0x00000000f8500000,0x00000000f8f00000)
 ParOldGen       total 349696K, used 349695K [0x00000000e0000000, 0x00000000f5580000, 0x00000000f5580000)
  object space 349696K, 99% used [0x00000000e0000000,0x00000000f557fea0,0x00000000f5580000)
 Metaspace       used 54910K, committed 55744K, reserved 1105920K
  class space    used 5454K, committed 5824K, reserved 1048576K
}
Event: 1205.330 GC heap after
{Heap after GC invocations=1161 (full 1026):
 PSYoungGen      total 35328K, used 25087K [0x00000000f5580000, 0x00000000f8f00000, 0x0000000100000000)
  eden space 25088K, 99% used [0x00000000f5580000,0x00000000f6dffff0,0x00000000f6e00000)
  from space 10240K, 0% used [0x00000000f8500000,0x00000000f8500000,0x00000000f8f00000)
  to   space 16384K, 0% used [0x00000000f7280000,0x00000000f7280000,0x00000000f8280000)
 ParOldGen       total 349696K, used 349695K [0x00000000e0000000, 0x00000000f5580000, 0x00000000f5580000)
  object space 349696K, 99% used [0x00000000e0000000,0x00000000f557fea0,0x00000000f5580000)
 Metaspace       used 54910K, committed 55744K, reserved 1105920K
  class space    used 5454K, committed 5824K, reserved 1048576K
}
Event: 1205.330 GC heap before
{Heap before GC invocations=1162 (full 1027):
 PSYoungGen      total 35328K, used 25087K [0x00000000f5580000, 0x00000000f8f00000, 0x0000000100000000)
  eden space 25088K, 99% used [0x00000000f5580000,0x00000000f6dffff0,0x00000000f6e00000)
  from space 10240K, 0% used [0x00000000f8500000,0x00000000f8500000,0x00000000f8f00000)
  to   space 16384K, 0% used [0x00000000f7280000,0x00000000f7280000,0x00000000f8280000)
 ParOldGen       total 349696K, used 349695K [0x00000000e0000000, 0x00000000f5580000, 0x00000000f5580000)
  object space 349696K, 99% used [0x00000000e0000000,0x00000000f557fff8,0x00000000f5580000)
 Metaspace       used 54910K, committed 55744K, reserved 1105920K
  class space    used 5454K, committed 5824K, reserved 1048576K
}
Event: 1206.597 GC heap after
{Heap after GC invocations=1162 (full 1027):
 PSYoungGen      total 41472K, used 25087K [0x00000000f5580000, 0x00000000f8f00000, 0x0000000100000000)
  eden space 25088K, 99% used [0x00000000f5580000,0x00000000f6dffff0,0x00000000f6e00000)
  from space 16384K, 0% used [0x00000000f7280000,0x00000000f7280000,0x00000000f8280000)
  to   space 10240K, 0% used [0x00000000f8500000,0x00000000f8500000,0x00000000f8f00000)
 ParOldGen       total 349696K, used 349695K [0x00000000e0000000, 0x00000000f5580000, 0x00000000f5580000)
  object space 349696K, 99% used [0x00000000e0000000,0x00000000f557fe18,0x00000000f5580000)
 Metaspace       used 54910K, committed 55744K, reserved 1105920K
  class space    used 5454K, committed 5824K, reserved 1048576K
}
Event: 1206.597 GC heap before
{Heap before GC invocations=1163 (full 1028):
 PSYoungGen      total 41472K, used 25088K [0x00000000f5580000, 0x00000000f8f00000, 0x0000000100000000)
  eden space 25088K, 100% used [0x00000000f5580000,0x00000000f6e00000,0x00000000f6e00000)
  from space 16384K, 0% used [0x00000000f7280000,0x00000000f7280000,0x00000000f8280000)
  to   space 10240K, 0% used [0x00000000f8500000,0x00000000f8500000,0x00000000f8f00000)
 ParOldGen       total 349696K, used 349695K [0x00000000e0000000, 0x00000000f5580000, 0x00000000f5580000)
  object space 349696K, 99% used [0x00000000e0000000,0x00000000f557ffa8,0x00000000f5580000)
 Metaspace       used 54910K, committed 55744K, reserved 1105920K
  class space    used 5454K, committed 5824K, reserved 1048576K
}
Event: 1207.630 GC heap after
{Heap after GC invocations=1163 (full 1028):
 PSYoungGen      total 35328K, used 25087K [0x00000000f5580000, 0x00000000f8f00000, 0x0000000100000000)
  eden space 25088K, 99% used [0x00000000f5580000,0x00000000f6dffff0,0x00000000f6e00000)
  from space 10240K, 0% used [0x00000000f8500000,0x00000000f8500000,0x00000000f8f00000)
  to   space 16384K, 0% used [0x00000000f7280000,0x00000000f7280000,0x00000000f8280000)
 ParOldGen       total 349696K, used 349695K [0x00000000e0000000, 0x00000000f5580000, 0x00000000f5580000)
  object space 349696K, 99% used [0x00000000e0000000,0x00000000f557fea8,0x00000000f5580000)
 Metaspace       used 54910K, committed 55744K, reserved 1105920K
  class space    used 5454K, committed 5824K, reserved 1048576K
}
Event: 1207.631 GC heap before
{Heap before GC invocations=1164 (full 1029):
 PSYoungGen      total 35328K, used 25087K [0x00000000f5580000, 0x00000000f8f00000, 0x0000000100000000)
  eden space 25088K, 99% used [0x00000000f5580000,0x00000000f6dffff0,0x00000000f6e00000)
  from space 10240K, 0% used [0x00000000f8500000,0x00000000f8500000,0x00000000f8f00000)
  to   space 16384K, 0% used [0x00000000f7280000,0x00000000f7280000,0x00000000f8280000)
 ParOldGen       total 349696K, used 349695K [0x00000000e0000000, 0x00000000f5580000, 0x00000000f5580000)
  object space 349696K, 99% used [0x00000000e0000000,0x00000000f557fea8,0x00000000f5580000)
 Metaspace       used 54910K, committed 55744K, reserved 1105920K
  class space    used 5454K, committed 5824K, reserved 1048576K
}
Event: 1208.639 GC heap after
{Heap after GC invocations=1164 (full 1029):
 PSYoungGen      total 41472K, used 25087K [0x00000000f5580000, 0x00000000f8f00000, 0x0000000100000000)
  eden space 25088K, 99% used [0x00000000f5580000,0x00000000f6dffff0,0x00000000f6e00000)
  from space 16384K, 0% used [0x00000000f7280000,0x00000000f7280000,0x00000000f8280000)
  to   space 10240K, 0% used [0x00000000f8500000,0x00000000f8500000,0x00000000f8f00000)
 ParOldGen       total 349696K, used 349695K [0x00000000e0000000, 0x00000000f5580000, 0x00000000f5580000)
  object space 349696K, 99% used [0x00000000e0000000,0x00000000f557fea8,0x00000000f5580000)
 Metaspace       used 54910K, committed 55744K, reserved 1105920K
  class space    used 5454K, committed 5824K, reserved 1048576K
}

