# JRE version: OpenJDK Runtime Environment GraalVM CE 22.3.0 (17.0.5+8) (build 17.0.5+8-jvmci-22.3-b08)
# Java VM: OpenJDK 64-Bit Server VM GraalVM CE 22.3.0 (17.0.5+8-jvmci-22.3-b08, mixed mode, sharing, tiered, jvmci, jvmci compiler, compressed oops, compressed class ptrs, parallel gc, linux-amd64)
GC Precious Log:
 CPUs: 8 total, 1 available
 Memory: 1024M
 Large Page Support: Disabled
 NUMA Support: Disabled
 Compressed Oops: Enabled (32-bit)
 Alignments: Space 512K, Generation 512K, Heap 2M
 Heap Min Capacity: 100M
 Heap Initial Capacity: 100M
 Heap Max Capacity: 512M
 Pre-touch: Disabled
 Parallel Workers: 1
Heap:
 PSYoungGen      total 52736K, used 24575K [0x00000000f5580000, 0x00000000fa680000, 0x0000000100000000)
  eden space 24576K, 99% used [0x00000000f5580000,0x00000000f6d7fff0,0x00000000f6d80000)
  from space 28160K, 0% used [0x00000000f6d80000,0x00000000f6d80000,0x00000000f8900000)
  to   space 26624K, 0% used [0x00000000f8c80000,0x00000000f8c80000,0x00000000fa680000)
 ParOldGen       total 349696K, used 349693K [0x00000000e0000000, 0x00000000f5580000, 0x00000000f5580000)
  object space 349696K, 99% used [0x00000000e0000000,0x00000000f557f7f0,0x00000000f5580000)
 Metaspace       used 43091K, committed 43840K, reserved 1089536K
  class space    used 4453K, committed 4736K, reserved 1048576K
GC Heap History (20 events):
Event: 972.527 GC heap before
{Heap before GC invocations=837 (full 759):
 PSYoungGen      total 52736K, used 24575K [0x00000000f5580000, 0x00000000fa680000, 0x0000000100000000)
  eden space 24576K, 99% used [0x00000000f5580000,0x00000000f6d7ffa8,0x00000000f6d80000)
  from space 28160K, 0% used [0x00000000f6d80000,0x00000000f6d80000,0x00000000f8900000)
  to   space 26624K, 0% used [0x00000000f8c80000,0x00000000f8c80000,0x00000000fa680000)
 ParOldGen       total 349696K, used 349695K [0x00000000e0000000, 0x00000000f5580000, 0x00000000f5580000)
  object space 349696K, 99% used [0x00000000e0000000,0x00000000f557fe90,0x00000000f5580000)
 Metaspace       used 43090K, committed 43840K, reserved 1089536K
  class space    used 4453K, committed 4736K, reserved 1048576K
}
Event: 973.799 GC heap after
{Heap after GC invocations=837 (full 759):
 PSYoungGen      total 51200K, used 24575K [0x00000000f5580000, 0x00000000fa680000, 0x0000000100000000)
  eden space 24576K, 99% used [0x00000000f5580000,0x00000000f6d7ffa8,0x00000000f6d80000)
  from space 26624K, 0% used [0x00000000f8c80000,0x00000000f8c80000,0x00000000fa680000)
  to   space 28160K, 0% used [0x00000000f6d80000,0x00000000f6d80000,0x00000000f8900000)
 ParOldGen       total 349696K, used 349695K [0x00000000e0000000, 0x00000000f5580000, 0x00000000f5580000)
  object space 349696K, 99% used [0x00000000e0000000,0x00000000f557fe90,0x00000000f5580000)
 Metaspace       used 43090K, committed 43840K, reserved 1089536K
  class space    used 4453K, committed 4736K, reserved 1048576K
}
Event: 973.799 GC heap before
{Heap before GC invocations=838 (full 760):
 PSYoungGen      total 51200K, used 24575K [0x00000000f5580000, 0x00000000fa680000, 0x0000000100000000)
  eden space 24576K, 99% used [0x00000000f5580000,0x00000000f6d7ffa8,0x00000000f6d80000)
  from space 26624K, 0% used [0x00000000f8c80000,0x00000000f8c80000,0x00000000fa680000)
  to   space 28160K, 0% used [0x00000000f6d80000,0x00000000f6d80000,0x00000000f8900000)
 ParOldGen       total 349696K, used 349695K [0x00000000e0000000, 0x00000000f5580000, 0x00000000f5580000)
  object space 349696K, 99% used [0x00000000e0000000,0x00000000f557fe90,0x00000000f5580000)
 Metaspace       used 43090K, committed 43840K, reserved 1089536K
  class space    used 4453K, committed 4736K, reserved 1048576K
}
Event: 975.088 GC heap after
{Heap after GC invocations=838 (full 760):
 PSYoungGen      total 52736K, used 24575K [0x00000000f5580000, 0x00000000fa680000, 0x0000000100000000)
  eden space 24576K, 99% used [0x00000000f5580000,0x00000000f6d7ffa8,0x00000000f6d80000)
  from space 28160K, 0% used [0x00000000f6d80000,0x00000000f6d80000,0x00000000f8900000)
  to   space 26624K, 0% used [0x00000000f8c80000,0x00000000f8c80000,0x00000000fa680000)
 ParOldGen       total 349696K, used 349695K [0x00000000e0000000, 0x00000000f5580000, 0x00000000f5580000)
  object space 349696K, 99% used [0x00000000e0000000,0x00000000f557fe90,0x00000000f5580000)
 Metaspace       used 43090K, committed 43840K, reserved 1089536K
  class space    used 4453K, committed 4736K, reserved 1048576K
}
Event: 975.090 GC heap before
{Heap before GC invocations=839 (full 761):
 PSYoungGen      total 52736K, used 24576K [0x00000000f5580000, 0x00000000fa680000, 0x0000000100000000)
  eden space 24576K, 100% used [0x00000000f5580000,0x00000000f6d80000,0x00000000f6d80000)
  from space 28160K, 0% used [0x00000000f6d80000,0x00000000f6d80000,0x00000000f8900000)
  to   space 26624K, 0% used [0x00000000f8c80000,0x00000000f8c80000,0x00000000fa680000)
 ParOldGen       total 349696K, used 349695K [0x00000000e0000000, 0x00000000f5580000, 0x00000000f5580000)
  object space 349696K, 99% used [0x00000000e0000000,0x00000000f557ffd8,0x00000000f5580000)
 Metaspace       used 43090K, committed 43840K, reserved 1089536K
  class space    used 4453K, committed 4736K, reserved 1048576K
}
Event: 976.405 GC heap after
{Heap after GC invocations=839 (full 761):
 PSYoungGen      total 51200K, used 24575K [0x00000000f5580000, 0x00000000fa680000, 0x0000000100000000)
  eden space 24576K, 99% used [0x00000000f5580000,0x00000000f6d7ff98,0x00000000f6d80000)
  from space 26624K, 0% used [0x00000000f8c80000,0x00000000f8c80000,0x00000000fa680000)
  to   space 28160K, 0% used [0x00000000f6d80000,0x00000000f6d80000,0x00000000f8900000)
 ParOldGen       total 349696K, used 349689K [0x00000000e0000000, 0x00000000f5580000, 0x00000000f5580000)
  object space 349696K, 99% used [0x00000000e0000000,0x00000000f557e630,0x00000000f5580000)
 Metaspace       used 43090K, committed 43840K, reserved 1089536K
  class space    used 4453K, committed 4736K, reserved 1048576K
}
Event: 976.405 GC heap before
{Heap before GC invocations=840 (full 762):
 PSYoungGen      total 51200K, used 24575K [0x00000000f5580000, 0x00000000fa680000, 0x0000000100000000)
  eden space 24576K, 99% used [0x00000000f5580000,0x00000000f6d7fff0,0x00000000f6d80000)
  from space 26624K, 0% used [0x00000000f8c80000,0x00000000f8c80000,0x00000000fa680000)
  to   space 28160K, 0% used [0x00000000f6d80000,0x00000000f6d80000,0x00000000f8900000)
 ParOldGen       total 349696K, used 349689K [0x00000000e0000000, 0x00000000f5580000, 0x00000000f5580000)
  object space 349696K, 99% used [0x00000000e0000000,0x00000000f557e630,0x00000000f5580000)
 Metaspace       used 43090K, committed 43840K, reserved 1089536K
  class space    used 4453K, committed 4736K, reserved 1048576K
}
Event: 977.611 GC heap after
{Heap after GC invocations=840 (full 762):
 PSYoungGen      total 52736K, used 24575K [0x00000000f5580000, 0x00000000fa680000, 0x0000000100000000)
  eden space 24576K, 99% used [0x00000000f5580000,0x00000000f6d7fff0,0x00000000f6d80000)
  from space 28160K, 0% used [0x00000000f6d80000,0x00000000f6d80000,0x00000000f8900000)
  to   space 26624K, 0% used [0x00000000f8c80000,0x00000000f8c80000,0x00000000fa680000)
 ParOldGen       total 349696K, used 349689K [0x00000000e0000000, 0x00000000f5580000, 0x00000000f5580000)
  object space 349696K, 99% used [0x00000000e0000000,0x00000000f557e630,0x00000000f5580000)
 Metaspace       used 43090K, committed 43840K, reserved 1089536K
  class space    used 4453K, committed 4736K, reserved 1048576K
}
Event: 977.612 GC heap before
{Heap before GC invocations=841 (full 763):
 PSYoungGen      total 52736K, used 24576K [0x00000000f5580000, 0x00000000fa680000, 0x0000000100000000)
  eden space 24576K, 100% used [0x00000000f5580000,0x00000000f6d80000,0x00000000f6d80000)
  from space 28160K, 0% used [0x00000000f6d80000,0x00000000f6d80000,0x00000000f8900000)
  to   space 26624K, 0% used [0x00000000f8c80000,0x00000000f8c80000,0x00000000fa680000)
 ParOldGen       total 349696K, used 349691K [0x00000000e0000000, 0x00000000f5580000, 0x00000000f5580000)
  object space 349696K, 99% used [0x00000000e0000000,0x00000000f557ec40,0x00000000f5580000)
 Metaspace       used 43090K, committed 43840K, reserved 1089536K
  class space    used 4453K, committed 4736K, reserved 1048576K
}
Event: 978.909 GC heap after
{Heap after GC invocations=841 (full 763):
 PSYoungGen      total 51200K, used 24575K [0x00000000f5580000, 0x00000000fa680000, 0x0000000100000000)
  eden space 24576K, 99% used [0x00000000f5580000,0x00000000f6d7ff98,0x00000000f6d80000)
  from space 26624K, 0% used [0x00000000f8c80000,0x00000000f8c80000,0x00000000fa680000)
  to   space 28160K, 0% used [0x00000000f6d80000,0x00000000f6d80000,0x00000000f8900000)
 ParOldGen       total 349696K, used 349690K [0x00000000e0000000, 0x00000000f5580000, 0x00000000f5580000)
  object space 349696K, 99% used [0x00000000e0000000,0x00000000f557e8a0,0x00000000f5580000)
 Metaspace       used 43090K, committed 43840K, reserved 1089536K
  class space    used 4453K, committed 4736K, reserved 1048576K
}
Event: 978.910 GC heap before
{Heap before GC invocations=842 (full 764):
 PSYoungGen      total 51200K, used 24575K [0x00000000f5580000, 0x00000000fa680000, 0x0000000100000000)
  eden space 24576K, 99% used [0x00000000f5580000,0x00000000f6d7fff8,0x00000000f6d80000)
  from space 26624K, 0% used [0x00000000f8c80000,0x00000000f8c80000,0x00000000fa680000)
  to   space 28160K, 0% used [0x00000000f6d80000,0x00000000f6d80000,0x00000000f8900000)
 ParOldGen       total 349696K, used 349690K [0x00000000e0000000, 0x00000000f5580000, 0x00000000f5580000)
  object space 349696K, 99% used [0x00000000e0000000,0x00000000f557e8a0,0x00000000f5580000)
 Metaspace       used 43091K, committed 43840K, reserved 1089536K
  class space    used 4453K, committed 4736K, reserved 1048576K
}
Event: 980.221 GC heap after
{Heap after GC invocations=842 (full 764):
 PSYoungGen      total 52736K, used 24575K [0x00000000f5580000, 0x00000000fa680000, 0x0000000100000000)
  eden space 24576K, 99% used [0x00000000f5580000,0x00000000f6d7ff98,0x00000000f6d80000)
  from space 28160K, 0% used [0x00000000f6d80000,0x00000000f6d80000,0x00000000f8900000)
  to   space 26624K, 0% used [0x00000000f8c80000,0x00000000f8c80000,0x00000000fa680000)
 ParOldGen       total 349696K, used 349690K [0x00000000e0000000, 0x00000000f5580000, 0x00000000f5580000)
  object space 349696K, 99% used [0x00000000e0000000,0x00000000f557e8a0,0x00000000f5580000)
 Metaspace       used 43091K, committed 43840K, reserved 1089536K
  class space    used 4453K, committed 4736K, reserved 1048576K
}
Event: 980.222 GC heap before
{Heap before GC invocations=843 (full 765):
 PSYoungGen      total 52736K, used 24575K [0x00000000f5580000, 0x00000000fa680000, 0x0000000100000000)
  eden space 24576K, 99% used [0x00000000f5580000,0x00000000f6d7fff8,0x00000000f6d80000)
  from space 28160K, 0% used [0x00000000f6d80000,0x00000000f6d80000,0x00000000f8900000)
  to   space 26624K, 0% used [0x00000000f8c80000,0x00000000f8c80000,0x00000000fa680000)
 ParOldGen       total 349696K, used 349690K [0x00000000e0000000, 0x00000000f5580000, 0x00000000f5580000)
  object space 349696K, 99% used [0x00000000e0000000,0x00000000f557e8a0,0x00000000f5580000)
 Metaspace       used 43091K, committed 43840K, reserved 1089536K
  class space    used 4453K, committed 4736K, reserved 1048576K
}
Event: 981.407 GC heap after
{Heap after GC invocations=843 (full 765):
 PSYoungGen      total 51200K, used 24575K [0x00000000f5580000, 0x00000000fa680000, 0x0000000100000000)
  eden space 24576K, 99% used [0x00000000f5580000,0x00000000f6d7ff98,0x00000000f6d80000)
  from space 26624K, 0% used [0x00000000f8c80000,0x00000000f8c80000,0x00000000fa680000)
  to   space 28160K, 0% used [0x00000000f6d80000,0x00000000f6d80000,0x00000000f8900000)
 ParOldGen       total 349696K, used 349690K [0x00000000e0000000, 0x00000000f5580000, 0x00000000f5580000)
  object space 349696K, 99% used [0x00000000e0000000,0x00000000f557e8a0,0x00000000f5580000)
 Metaspace       used 43091K, committed 43840K, reserved 1089536K
  class space    used 4453K, committed 4736K, reserved 1048576K
}
Event: 981.408 GC heap before
{Heap before GC invocations=844 (full 766):
 PSYoungGen      total 51200K, used 24576K [0x00000000f5580000, 0x00000000fa680000, 0x0000000100000000)
  eden space 24576K, 100% used [0x00000000f5580000,0x00000000f6d80000,0x00000000f6d80000)
  from space 26624K, 0% used [0x00000000f8c80000,0x00000000f8c80000,0x00000000fa680000)
  to   space 28160K, 0% used [0x00000000f6d80000,0x00000000f6d80000,0x00000000f8900000)
 ParOldGen       total 349696K, used 349690K [0x00000000e0000000, 0x00000000f5580000, 0x00000000f5580000)
  object space 349696K, 99% used [0x00000000e0000000,0x00000000f557e8a0,0x00000000f5580000)
 Metaspace       used 43091K, committed 43840K, reserved 1089536K
  class space    used 4453K, committed 4736K, reserved 1048576K
}
Event: 982.596 GC heap after
{Heap after GC invocations=844 (full 766):
 PSYoungGen      total 52736K, used 24575K [0x00000000f5580000, 0x00000000fa680000, 0x0000000100000000)
  eden space 24576K, 99% used [0x00000000f5580000,0x00000000f6d7ffb0,0x00000000f6d80000)
  from space 28160K, 0% used [0x00000000f6d80000,0x00000000f6d80000,0x00000000f8900000)
  to   space 26624K, 0% used [0x00000000f8c80000,0x00000000f8c80000,0x00000000fa680000)
 ParOldGen       total 349696K, used 349690K [0x00000000e0000000, 0x00000000f5580000, 0x00000000f5580000)
  object space 349696K, 99% used [0x00000000e0000000,0x00000000f557e8a0,0x00000000f5580000)
 Metaspace       used 43091K, committed 43840K, reserved 1089536K
  class space    used 4453K, committed 4736K, reserved 1048576K
}
Event: 982.598 GC heap before
{Heap before GC invocations=845 (full 767):
 PSYoungGen      total 52736K, used 24576K [0x00000000f5580000, 0x00000000fa680000, 0x0000000100000000)
  eden space 24576K, 100% used [0x00000000f5580000,0x00000000f6d80000,0x00000000f6d80000)
  from space 28160K, 0% used [0x00000000f6d80000,0x00000000f6d80000,0x00000000f8900000)
  to   space 26624K, 0% used [0x00000000f8c80000,0x00000000f8c80000,0x00000000fa680000)
 ParOldGen       total 349696K, used 349695K [0x00000000e0000000, 0x00000000f5580000, 0x00000000f5580000)
  object space 349696K, 99% used [0x00000000e0000000,0x00000000f557fc90,0x00000000f5580000)
 Metaspace       used 43091K, committed 43840K, reserved 1089536K
  class space    used 4453K, committed 4736K, reserved 1048576K
}
Event: 983.808 GC heap after
{Heap after GC invocations=845 (full 767):
 PSYoungGen      total 51200K, used 24575K [0x00000000f5580000, 0x00000000fa680000, 0x0000000100000000)
  eden space 24576K, 99% used [0x00000000f5580000,0x00000000f6d7ffc0,0x00000000f6d80000)
  from space 26624K, 0% used [0x00000000f8c80000,0x00000000f8c80000,0x00000000fa680000)
  to   space 28160K, 0% used [0x00000000f6d80000,0x00000000f6d80000,0x00000000f8900000)
 ParOldGen       total 349696K, used 349693K [0x00000000e0000000, 0x00000000f5580000, 0x00000000f5580000)
  object space 349696K, 99% used [0x00000000e0000000,0x00000000f557f780,0x00000000f5580000)
 Metaspace       used 43091K, committed 43840K, reserved 1089536K
  class space    used 4453K, committed 4736K, reserved 1048576K
}
Event: 983.808 GC heap before
{Heap before GC invocations=846 (full 768):
 PSYoungGen      total 51200K, used 24575K [0x00000000f5580000, 0x00000000fa680000, 0x0000000100000000)
  eden space 24576K, 99% used [0x00000000f5580000,0x00000000f6d7ffc0,0x00000000f6d80000)
  from space 26624K, 0% used [0x00000000f8c80000,0x00000000f8c80000,0x00000000fa680000)
  to   space 28160K, 0% used [0x00000000f6d80000,0x00000000f6d80000,0x00000000f8900000)
 ParOldGen       total 349696K, used 349693K [0x00000000e0000000, 0x00000000f5580000, 0x00000000f5580000)
  object space 349696K, 99% used [0x00000000e0000000,0x00000000f557f780,0x00000000f5580000)
 Metaspace       used 43091K, committed 43840K, reserved 1089536K
  class space    used 4453K, committed 4736K, reserved 1048576K
}
Event: 984.987 GC heap after
{Heap after GC invocations=846 (full 768):
 PSYoungGen      total 52736K, used 24575K [0x00000000f5580000, 0x00000000fa680000, 0x0000000100000000)
  eden space 24576K, 99% used [0x00000000f5580000,0x00000000f6d7ffc0,0x00000000f6d80000)
  from space 28160K, 0% used [0x00000000f6d80000,0x00000000f6d80000,0x00000000f8900000)
  to   space 26624K, 0% used [0x00000000f8c80000,0x00000000f8c80000,0x00000000fa680000)
 ParOldGen       total 349696K, used 349693K [0x00000000e0000000, 0x00000000f5580000, 0x00000000f5580000)
  object space 349696K, 99% used [0x00000000e0000000,0x00000000f557f780,0x00000000f5580000)
 Metaspace       used 43091K, committed 43840K, reserved 1089536K
  class space    used 4453K, committed 4736K, reserved 1048576K
}

